

Version:	3.50
CmdLine:	C:\Users\Estudo\Documents\MLAnalyzer\MLAnalyzer.exe --l4j-debug
JNI:		No
WOW64:		Yes
Working dir:	C:\Users\Estudo\Documents\MLAnalyzer\.
Requires JDK:	No
Requires 64-Bit: No
Java min ver:	
Java max ver:	
Substitute:	JAVA_HOME = C:\Program Files\Java\jdk-23
Substitute:	PATH = C:\Program Files (x86)\NVIDIA Corporation\PhysX\Common;C:\Program Files\Common Files\Oracle\Java\javapath;C:\Program Files (x86)\Common Files\Oracle\Java\java8path;C:\Program Files (x86)\Common Files\Oracle\Java\javapath;C:\WINDOWS\system32;C:\WINDOWS;C:\WINDOWS\System32\Wbem;C:\WINDOWS\System32\WindowsPowerShell\v1.0\;C:\WINDOWS\System32\OpenSSH\;C:\Program Files\dotnet\;C:\Program Files\nodejs\;C:\Program Files\Git\cmd;C:\msys64\mingw64\bin;C:\Bison\bin;C:\MinGW\bin;C:\Users\Estudo\AppData\Local\Programs\Python\Python312;C:\Users\Estudo\AppData\Local\Programs\Python\Python312\Scripts;C:\Program Files\Java\jdk-23\bin;C:\Program Files (x86)\NVIDIA Corporation\PhysX\Common;C:\Program Files\Common Files\Oracle\Java\javapath;C:\Program Files (x86)\Common Files\Oracle\Java\java8path;C:\Program Files (x86)\Common Files\Oracle\Java\javapath;C:\WINDOWS\system32;C:\WINDOWS;C:\WINDOWS\System32\Wbem;C:\WINDOWS\System32\WindowsPowerShell\v1.0\;C:\WINDOWS\System32\OpenSSH\;C:\Program Files\dotnet\;C:\Program Files\nodejs\;C:\Program Files\Git\cmd;C:\msys64\mingw64\bin;C:\Bison\bin;C:\MinGW\bin;C:\Users\Estudo\AppData\Local\Programs\Python\Python312;C:\Users\Estudo\AppData\Local\Programs\Python\Python312\Scripts;C:\Program Files\Java\jdk-23\bin;;C:\msys64\mingw64\bin;C:\Bison\bin;C:\MinGW\bin;C:\Users\Estudo\AppData\Local\Programs\Microsoft VS Code\bin;C:\Users\Estudo\AppData\Local\Programs\Python\Python312\Scripts;C:\Users\Estudo\AppData\Local\Programs\Python\Python312;C:\Program Files\Java\jdk-23\bin;;C:\Program Files\Java\jdk-23\bin
JRE paths:	C:\Program Files\Java\jdk-23;C:\Program Files (x86)\NVIDIA Corporation\PhysX\Common;C:\Program Files\Common Files\Oracle\Java\javapath;C:\Program Files (x86)\Common Files\Oracle\Java\java8path;C:\Program Files (x86)\Common Files\Oracle\Java\javapath;C:\WINDOWS\system32;C:\WINDOWS;C:\WINDOWS\System32\Wbem;C:\WINDOWS\System32\WindowsPowerShell\v1.0\;C:\WINDOWS\System32\OpenSSH\;C:\Program Files\dotnet\;C:\Program Files\nodejs\;C:\Program Files\Git\cmd;C:\msys64\mingw64\bin;C:\Bison\bin;C:\MinGW\bin;C:\Users\Estudo\AppData\Local\Programs\Python\Python312;C:\Users\Estudo\AppData\Local\Programs\Python\Python312\Scripts;C:\Program Files\Java\jdk-23\bin;C:\Program Files (x86)\NVIDIA Corporation\PhysX\Common;C:\Program Files\Common Files\Oracle\Java\javapath;C:\Program Files (x86)\Common Files\Oracle\Java\java8path;C:\Program Files (x86)\Common Files\Oracle\Java\javapath;C:\WINDOWS\system32;C:\WINDOWS;C:\WINDOWS\System32\Wbem;C:\WINDOWS\System32\WindowsPowerShell\v1.0\;C:\WINDOWS\System32\OpenSSH\;C:\Program Files\dotnet\;C:\Program Files\nodejs\;C:\Program Files\Git\cmd;C:\msys64\mingw64\bin;C:\Bison\bin;C:\MinGW\bin;C:\Users\Estudo\AppData\Local\Programs\Python\Python312;C:\Users\Estudo\AppData\Local\Programs\Python\Python312\Scripts;C:\Program Files\Java\jdk-23\bin;;C:\msys64\mingw64\bin;C:\Bison\bin;C:\MinGW\bin;C:\Users\Estudo\AppData\Local\Programs\Microsoft VS Code\bin;C:\Users\Estudo\AppData\Local\Programs\Python\Python312\Scripts;C:\Users\Estudo\AppData\Local\Programs\Python\Python312;C:\Program Files\Java\jdk-23\bin;;C:\Program Files\Java\jdk-23\bin
Check launcher:	C:\Program Files\Java\jdk-23\bin\javaw.exe (OK)
Version string: 1.023.000_002 / 64-Bit (OK)
Launcher:	C:\Program Files\Java\jdk-23\bin\javaw.exe
Launcher args:	-jar "C:\Users\Estudo\Documents\MLAnalyzer\MLAnalyzer.jar"
Args length:	58/32768 chars
Exit code:	0


Version:	3.50
CmdLine:	C:\Users\Estudo\Documents\MLAnalyzer\MLAnalyzer.exe --l4j-debug
JNI:		No
WOW64:		Yes
Working dir:	C:\Users\Estudo\Documents\MLAnalyzer\.
Requires JDK:	No
Requires 64-Bit: No
Java min ver:	
Java max ver:	
Substitute:	JAVA_HOME = C:\Program Files\Java\jdk-23
Substitute:	PATH = C:\Program Files (x86)\NVIDIA Corporation\PhysX\Common;C:\Program Files\Common Files\Oracle\Java\javapath;C:\Program Files (x86)\Common Files\Oracle\Java\java8path;C:\Program Files (x86)\Common Files\Oracle\Java\javapath;C:\WINDOWS\system32;C:\WINDOWS;C:\WINDOWS\System32\Wbem;C:\WINDOWS\System32\WindowsPowerShell\v1.0\;C:\WINDOWS\System32\OpenSSH\;C:\Program Files\dotnet\;C:\Program Files\nodejs\;C:\Program Files\Git\cmd;C:\msys64\mingw64\bin;C:\Bison\bin;C:\MinGW\bin;C:\Users\Estudo\AppData\Local\Programs\Python\Python312;C:\Users\Estudo\AppData\Local\Programs\Python\Python312\Scripts;C:\Program Files\Java\jdk-23\bin;C:\Program Files (x86)\NVIDIA Corporation\PhysX\Common;C:\Program Files\Common Files\Oracle\Java\javapath;C:\Program Files (x86)\Common Files\Oracle\Java\java8path;C:\Program Files (x86)\Common Files\Oracle\Java\javapath;C:\WINDOWS\system32;C:\WINDOWS;C:\WINDOWS\System32\Wbem;C:\WINDOWS\System32\WindowsPowerShell\v1.0\;C:\WINDOWS\System32\OpenSSH\;C:\Program Files\dotnet\;C:\Program Files\nodejs\;C:\Program Files\Git\cmd;C:\msys64\mingw64\bin;C:\Bison\bin;C:\MinGW\bin;C:\Users\Estudo\AppData\Local\Programs\Python\Python312;C:\Users\Estudo\AppData\Local\Programs\Python\Python312\Scripts;C:\Program Files\Java\jdk-23\bin;;C:\msys64\mingw64\bin;C:\Bison\bin;C:\MinGW\bin;C:\Users\Estudo\AppData\Local\Programs\Microsoft VS Code\bin;C:\Users\Estudo\AppData\Local\Programs\Python\Python312\Scripts;C:\Users\Estudo\AppData\Local\Programs\Python\Python312;C:\Program Files\Java\jdk-23\bin;;C:\Program Files\Java\jdk-23\bin
JRE paths:	C:\Program Files\Java\jdk-23;C:\Program Files (x86)\NVIDIA Corporation\PhysX\Common;C:\Program Files\Common Files\Oracle\Java\javapath;C:\Program Files (x86)\Common Files\Oracle\Java\java8path;C:\Program Files (x86)\Common Files\Oracle\Java\javapath;C:\WINDOWS\system32;C:\WINDOWS;C:\WINDOWS\System32\Wbem;C:\WINDOWS\System32\WindowsPowerShell\v1.0\;C:\WINDOWS\System32\OpenSSH\;C:\Program Files\dotnet\;C:\Program Files\nodejs\;C:\Program Files\Git\cmd;C:\msys64\mingw64\bin;C:\Bison\bin;C:\MinGW\bin;C:\Users\Estudo\AppData\Local\Programs\Python\Python312;C:\Users\Estudo\AppData\Local\Programs\Python\Python312\Scripts;C:\Program Files\Java\jdk-23\bin;C:\Program Files (x86)\NVIDIA Corporation\PhysX\Common;C:\Program Files\Common Files\Oracle\Java\javapath;C:\Program Files (x86)\Common Files\Oracle\Java\java8path;C:\Program Files (x86)\Common Files\Oracle\Java\javapath;C:\WINDOWS\system32;C:\WINDOWS;C:\WINDOWS\System32\Wbem;C:\WINDOWS\System32\WindowsPowerShell\v1.0\;C:\WINDOWS\System32\OpenSSH\;C:\Program Files\dotnet\;C:\Program Files\nodejs\;C:\Program Files\Git\cmd;C:\msys64\mingw64\bin;C:\Bison\bin;C:\MinGW\bin;C:\Users\Estudo\AppData\Local\Programs\Python\Python312;C:\Users\Estudo\AppData\Local\Programs\Python\Python312\Scripts;C:\Program Files\Java\jdk-23\bin;;C:\msys64\mingw64\bin;C:\Bison\bin;C:\MinGW\bin;C:\Users\Estudo\AppData\Local\Programs\Microsoft VS Code\bin;C:\Users\Estudo\AppData\Local\Programs\Python\Python312\Scripts;C:\Users\Estudo\AppData\Local\Programs\Python\Python312;C:\Program Files\Java\jdk-23\bin;;C:\Program Files\Java\jdk-23\bin
Check launcher:	C:\Program Files\Java\jdk-23\bin\javaw.exe (OK)
Version string: 1.023.000_002 / 64-Bit (OK)
Launcher:	C:\Program Files\Java\jdk-23\bin\javaw.exe
Launcher args:	-jar "C:\Users\Estudo\Documents\MLAnalyzer\MLAnalyzer.jar"
Args length:	58/32768 chars
Exit code:	0
